/home/csrobotique/lancer_final/install/groupe1_pkg/lib/python3.10/site-packages/groupe1_pkg/__init__.py
/home/csrobotique/lancer_final/install/groupe1_pkg/lib/python3.10/site-packages/groupe1_pkg/structure2.py
/home/csrobotique/lancer_final/install/groupe1_pkg/lib/python3.10/site-packages/groupe1_pkg/test_orientation.py
/home/csrobotique/lancer_final/install/groupe1_pkg/lib/python3.10/site-packages/groupe1_pkg/control_robot_demo.py
/home/csrobotique/lancer_final/install/groupe1_pkg/lib/python3.10/site-packages/groupe1_pkg/lancement.py
/home/csrobotique/lancer_final/install/groupe1_pkg/lib/python3.10/site-packages/groupe1_pkg/controleur2.py
/home/csrobotique/lancer_final/install/groupe1_pkg/lib/python3.10/site-packages/groupe1_pkg/test_pince.py
/home/csrobotique/lancer_final/install/groupe1_pkg/lib/python3.10/site-packages/groupe1_pkg/camera.py
/home/csrobotique/lancer_final/install/groupe1_pkg/lib/python3.10/site-packages/groupe1_pkg/enregistrement.py
/home/csrobotique/lancer_final/install/groupe1_pkg/lib/python3.10/site-packages/groupe1_pkg/controleur.py
/home/csrobotique/lancer_final/install/groupe1_pkg/lib/python3.10/site-packages/groupe1_pkg/manuel.py
/home/csrobotique/lancer_final/install/groupe1_pkg/lib/python3.10/site-packages/groupe1_pkg/zed2_custom_code.py
/home/csrobotique/lancer_final/install/groupe1_pkg/lib/python3.10/site-packages/groupe1_pkg/structure.py
/home/csrobotique/lancer_final/install/groupe1_pkg/lib/python3.10/site-packages/groupe1_pkg/trajectoire2.py
/home/csrobotique/lancer_final/install/groupe1_pkg/lib/python3.10/site-packages/groupe1_pkg/camera_demo.py
/home/csrobotique/lancer_final/install/groupe1_pkg/lib/python3.10/site-packages/groupe1_pkg/vision.py
/home/csrobotique/lancer_final/install/groupe1_pkg/lib/python3.10/site-packages/groupe1_pkg/test.py
/home/csrobotique/lancer_final/install/groupe1_pkg/lib/python3.10/site-packages/groupe1_pkg/controlleur.py
/home/csrobotique/lancer_final/install/groupe1_pkg/lib/python3.10/site-packages/groupe1_pkg/vision_cal.py
/home/csrobotique/lancer_final/install/groupe1_pkg/lib/python3.10/site-packages/groupe1_pkg/sauvegarde.py
/home/csrobotique/lancer_final/install/groupe1_pkg/lib/python3.10/site-packages/groupe1_pkg/essai1.py
/home/csrobotique/lancer_final/install/groupe1_pkg/lib/python3.10/site-packages/groupe1_pkg/trajectoire.py
/home/csrobotique/lancer_final/install/groupe1_pkg/lib/python3.10/site-packages/groupe1_pkg/controleur1.py
/home/csrobotique/lancer_final/install/groupe1_pkg/lib/python3.10/site-packages/groupe1_pkg/control_robot.py
/home/csrobotique/lancer_final/install/groupe1_pkg/lib/python3.10/site-packages/groupe1_pkg/essai2.py
/home/csrobotique/lancer_final/install/groupe1_pkg/lib/python3.10/site-packages/groupe1_pkg/control_angle.py
/home/csrobotique/lancer_final/install/groupe1_pkg/lib/python3.10/site-packages/groupe1_pkg/__pycache__/__init__.cpython-310.pyc
/home/csrobotique/lancer_final/install/groupe1_pkg/lib/python3.10/site-packages/groupe1_pkg/__pycache__/structure2.cpython-310.pyc
/home/csrobotique/lancer_final/install/groupe1_pkg/lib/python3.10/site-packages/groupe1_pkg/__pycache__/test_orientation.cpython-310.pyc
/home/csrobotique/lancer_final/install/groupe1_pkg/lib/python3.10/site-packages/groupe1_pkg/__pycache__/control_robot_demo.cpython-310.pyc
/home/csrobotique/lancer_final/install/groupe1_pkg/lib/python3.10/site-packages/groupe1_pkg/__pycache__/lancement.cpython-310.pyc
/home/csrobotique/lancer_final/install/groupe1_pkg/lib/python3.10/site-packages/groupe1_pkg/__pycache__/controleur2.cpython-310.pyc
/home/csrobotique/lancer_final/install/groupe1_pkg/lib/python3.10/site-packages/groupe1_pkg/__pycache__/test_pince.cpython-310.pyc
/home/csrobotique/lancer_final/install/groupe1_pkg/lib/python3.10/site-packages/groupe1_pkg/__pycache__/camera.cpython-310.pyc
/home/csrobotique/lancer_final/install/groupe1_pkg/lib/python3.10/site-packages/groupe1_pkg/__pycache__/enregistrement.cpython-310.pyc
/home/csrobotique/lancer_final/install/groupe1_pkg/lib/python3.10/site-packages/groupe1_pkg/__pycache__/controleur.cpython-310.pyc
/home/csrobotique/lancer_final/install/groupe1_pkg/lib/python3.10/site-packages/groupe1_pkg/__pycache__/manuel.cpython-310.pyc
/home/csrobotique/lancer_final/install/groupe1_pkg/lib/python3.10/site-packages/groupe1_pkg/__pycache__/zed2_custom_code.cpython-310.pyc
/home/csrobotique/lancer_final/install/groupe1_pkg/lib/python3.10/site-packages/groupe1_pkg/__pycache__/structure.cpython-310.pyc
/home/csrobotique/lancer_final/install/groupe1_pkg/lib/python3.10/site-packages/groupe1_pkg/__pycache__/trajectoire2.cpython-310.pyc
/home/csrobotique/lancer_final/install/groupe1_pkg/lib/python3.10/site-packages/groupe1_pkg/__pycache__/camera_demo.cpython-310.pyc
/home/csrobotique/lancer_final/install/groupe1_pkg/lib/python3.10/site-packages/groupe1_pkg/__pycache__/vision.cpython-310.pyc
/home/csrobotique/lancer_final/install/groupe1_pkg/lib/python3.10/site-packages/groupe1_pkg/__pycache__/test.cpython-310.pyc
/home/csrobotique/lancer_final/install/groupe1_pkg/lib/python3.10/site-packages/groupe1_pkg/__pycache__/controlleur.cpython-310.pyc
/home/csrobotique/lancer_final/install/groupe1_pkg/lib/python3.10/site-packages/groupe1_pkg/__pycache__/vision_cal.cpython-310.pyc
/home/csrobotique/lancer_final/install/groupe1_pkg/lib/python3.10/site-packages/groupe1_pkg/__pycache__/sauvegarde.cpython-310.pyc
/home/csrobotique/lancer_final/install/groupe1_pkg/lib/python3.10/site-packages/groupe1_pkg/__pycache__/essai1.cpython-310.pyc
/home/csrobotique/lancer_final/install/groupe1_pkg/lib/python3.10/site-packages/groupe1_pkg/__pycache__/trajectoire.cpython-310.pyc
/home/csrobotique/lancer_final/install/groupe1_pkg/lib/python3.10/site-packages/groupe1_pkg/__pycache__/controleur1.cpython-310.pyc
/home/csrobotique/lancer_final/install/groupe1_pkg/lib/python3.10/site-packages/groupe1_pkg/__pycache__/control_robot.cpython-310.pyc
/home/csrobotique/lancer_final/install/groupe1_pkg/lib/python3.10/site-packages/groupe1_pkg/__pycache__/essai2.cpython-310.pyc
/home/csrobotique/lancer_final/install/groupe1_pkg/lib/python3.10/site-packages/groupe1_pkg/__pycache__/control_angle.cpython-310.pyc
/home/csrobotique/lancer_final/install/groupe1_pkg/share/ament_index/resource_index/packages/groupe1_pkg
/home/csrobotique/lancer_final/install/groupe1_pkg/share/groupe1_pkg/package.xml
/home/csrobotique/lancer_final/install/groupe1_pkg/lib/python3.10/site-packages/groupe1_pkg-0.0.0-py3.10.egg-info/top_level.txt
/home/csrobotique/lancer_final/install/groupe1_pkg/lib/python3.10/site-packages/groupe1_pkg-0.0.0-py3.10.egg-info/entry_points.txt
/home/csrobotique/lancer_final/install/groupe1_pkg/lib/python3.10/site-packages/groupe1_pkg-0.0.0-py3.10.egg-info/dependency_links.txt
/home/csrobotique/lancer_final/install/groupe1_pkg/lib/python3.10/site-packages/groupe1_pkg-0.0.0-py3.10.egg-info/requires.txt
/home/csrobotique/lancer_final/install/groupe1_pkg/lib/python3.10/site-packages/groupe1_pkg-0.0.0-py3.10.egg-info/zip-safe
/home/csrobotique/lancer_final/install/groupe1_pkg/lib/python3.10/site-packages/groupe1_pkg-0.0.0-py3.10.egg-info/SOURCES.txt
/home/csrobotique/lancer_final/install/groupe1_pkg/lib/python3.10/site-packages/groupe1_pkg-0.0.0-py3.10.egg-info/PKG-INFO
/home/csrobotique/lancer_final/install/groupe1_pkg/lib/groupe1_pkg/camera
/home/csrobotique/lancer_final/install/groupe1_pkg/lib/groupe1_pkg/control_angle
/home/csrobotique/lancer_final/install/groupe1_pkg/lib/groupe1_pkg/control_robot
/home/csrobotique/lancer_final/install/groupe1_pkg/lib/groupe1_pkg/controleur
/home/csrobotique/lancer_final/install/groupe1_pkg/lib/groupe1_pkg/controleur1
/home/csrobotique/lancer_final/install/groupe1_pkg/lib/groupe1_pkg/controleur2
/home/csrobotique/lancer_final/install/groupe1_pkg/lib/groupe1_pkg/controlleur
/home/csrobotique/lancer_final/install/groupe1_pkg/lib/groupe1_pkg/demo_cam
/home/csrobotique/lancer_final/install/groupe1_pkg/lib/groupe1_pkg/demo_control
/home/csrobotique/lancer_final/install/groupe1_pkg/lib/groupe1_pkg/enregistrement
/home/csrobotique/lancer_final/install/groupe1_pkg/lib/groupe1_pkg/essai1
/home/csrobotique/lancer_final/install/groupe1_pkg/lib/groupe1_pkg/essai2
/home/csrobotique/lancer_final/install/groupe1_pkg/lib/groupe1_pkg/gobelet
/home/csrobotique/lancer_final/install/groupe1_pkg/lib/groupe1_pkg/lancement
/home/csrobotique/lancer_final/install/groupe1_pkg/lib/groupe1_pkg/manuel
/home/csrobotique/lancer_final/install/groupe1_pkg/lib/groupe1_pkg/sauvegarde
/home/csrobotique/lancer_final/install/groupe1_pkg/lib/groupe1_pkg/structure
/home/csrobotique/lancer_final/install/groupe1_pkg/lib/groupe1_pkg/structure_delai
/home/csrobotique/lancer_final/install/groupe1_pkg/lib/groupe1_pkg/test_orientation
/home/csrobotique/lancer_final/install/groupe1_pkg/lib/groupe1_pkg/test_pince
/home/csrobotique/lancer_final/install/groupe1_pkg/lib/groupe1_pkg/trajectoire
/home/csrobotique/lancer_final/install/groupe1_pkg/lib/groupe1_pkg/trajectoire2
/home/csrobotique/lancer_final/install/groupe1_pkg/lib/groupe1_pkg/vision
/home/csrobotique/lancer_final/install/groupe1_pkg/lib/groupe1_pkg/vision_cal
