[0.793s] Invoking command in '/home/csrobotique/lancer final/groupe1_pkg': PYTHONPATH=/home/csrobotique/lancer final/install/groupe1_pkg/lib/python3.10/site-packages:${PYTHONPATH} /usr/bin/python3 setup.py egg_info --egg-base ../build/groupe1_pkg build --build-base /home/csrobotique/lancer final/build/groupe1_pkg/build install --prefix /home/csrobotique/lancer final/install/groupe1_pkg --record /home/csrobotique/lancer final/build/groupe1_pkg/install.log --single-version-externally-managed
[1.070s] /usr/lib/python3/dist-packages/setuptools/dist.py:723: UserWarning: Usage of dash-separated 'script-dir' will not be supported in future versions. Please use the underscore name 'script_dir' instead
[1.071s]   warnings.warn(
[1.071s] /usr/lib/python3/dist-packages/setuptools/dist.py:723: UserWarning: Usage of dash-separated 'install-scripts' will not be supported in future versions. Please use the underscore name 'install_scripts' instead
[1.071s]   warnings.warn(
[1.083s] running egg_info
[1.085s] writing ../build/groupe1_pkg/groupe1_pkg.egg-info/PKG-INFO
[1.085s] writing dependency_links to ../build/groupe1_pkg/groupe1_pkg.egg-info/dependency_links.txt
[1.086s] writing entry points to ../build/groupe1_pkg/groupe1_pkg.egg-info/entry_points.txt
[1.086s] writing requirements to ../build/groupe1_pkg/groupe1_pkg.egg-info/requires.txt
[1.086s] writing top-level names to ../build/groupe1_pkg/groupe1_pkg.egg-info/top_level.txt
[1.090s] reading manifest file '../build/groupe1_pkg/groupe1_pkg.egg-info/SOURCES.txt'
[1.092s] writing manifest file '../build/groupe1_pkg/groupe1_pkg.egg-info/SOURCES.txt'
[1.092s] running build
[1.093s] running build_py
[1.094s] copying groupe1_pkg/zed2_custom_code.py -> /home/csrobotique/lancer final/build/groupe1_pkg/build/lib/groupe1_pkg
[1.096s] running install
[1.096s] /usr/lib/python3/dist-packages/setuptools/command/install.py:34: SetuptoolsDeprecationWarning: setup.py install is deprecated. Use build and pip and other standards-based tools.
[1.096s]   warnings.warn(
[1.097s] running install_lib
[1.098s] copying /home/csrobotique/lancer final/build/groupe1_pkg/build/lib/groupe1_pkg/zed2_custom_code.py -> /home/csrobotique/lancer final/install/groupe1_pkg/lib/python3.10/site-packages/groupe1_pkg
[1.100s] byte-compiling /home/csrobotique/lancer final/install/groupe1_pkg/lib/python3.10/site-packages/groupe1_pkg/zed2_custom_code.py to zed2_custom_code.cpython-310.pyc
[1.109s] running install_data
[1.110s] running install_egg_info
[1.112s] removing '/home/csrobotique/lancer final/install/groupe1_pkg/lib/python3.10/site-packages/groupe1_pkg-0.0.0-py3.10.egg-info' (and everything under it)
[1.113s] Copying ../build/groupe1_pkg/groupe1_pkg.egg-info to /home/csrobotique/lancer final/install/groupe1_pkg/lib/python3.10/site-packages/groupe1_pkg-0.0.0-py3.10.egg-info
[1.114s] running install_scripts
[1.146s] Installing camera script to /home/csrobotique/lancer final/install/groupe1_pkg/lib/groupe1_pkg
[1.146s] Installing control_angle script to /home/csrobotique/lancer final/install/groupe1_pkg/lib/groupe1_pkg
[1.146s] Installing control_robot script to /home/csrobotique/lancer final/install/groupe1_pkg/lib/groupe1_pkg
[1.146s] Installing controleur script to /home/csrobotique/lancer final/install/groupe1_pkg/lib/groupe1_pkg
[1.146s] Installing controleur1 script to /home/csrobotique/lancer final/install/groupe1_pkg/lib/groupe1_pkg
[1.147s] Installing controleur2 script to /home/csrobotique/lancer final/install/groupe1_pkg/lib/groupe1_pkg
[1.147s] Installing controlleur script to /home/csrobotique/lancer final/install/groupe1_pkg/lib/groupe1_pkg
[1.147s] Installing demo_cam script to /home/csrobotique/lancer final/install/groupe1_pkg/lib/groupe1_pkg
[1.147s] Installing demo_control script to /home/csrobotique/lancer final/install/groupe1_pkg/lib/groupe1_pkg
[1.147s] Installing enregistrement script to /home/csrobotique/lancer final/install/groupe1_pkg/lib/groupe1_pkg
[1.148s] Installing essai1 script to /home/csrobotique/lancer final/install/groupe1_pkg/lib/groupe1_pkg
[1.148s] Installing essai2 script to /home/csrobotique/lancer final/install/groupe1_pkg/lib/groupe1_pkg
[1.148s] Installing gobelet script to /home/csrobotique/lancer final/install/groupe1_pkg/lib/groupe1_pkg
[1.148s] Installing lancement script to /home/csrobotique/lancer final/install/groupe1_pkg/lib/groupe1_pkg
[1.148s] Installing sauvegarde script to /home/csrobotique/lancer final/install/groupe1_pkg/lib/groupe1_pkg
[1.149s] Installing structure script to /home/csrobotique/lancer final/install/groupe1_pkg/lib/groupe1_pkg
[1.149s] Installing structure_delai script to /home/csrobotique/lancer final/install/groupe1_pkg/lib/groupe1_pkg
[1.149s] Installing test_orientation script to /home/csrobotique/lancer final/install/groupe1_pkg/lib/groupe1_pkg
[1.149s] Installing test_pince script to /home/csrobotique/lancer final/install/groupe1_pkg/lib/groupe1_pkg
[1.149s] Installing trajectoire script to /home/csrobotique/lancer final/install/groupe1_pkg/lib/groupe1_pkg
[1.149s] Installing trajectoire2 script to /home/csrobotique/lancer final/install/groupe1_pkg/lib/groupe1_pkg
[1.149s] Installing vision script to /home/csrobotique/lancer final/install/groupe1_pkg/lib/groupe1_pkg
[1.150s] Installing vision_cal script to /home/csrobotique/lancer final/install/groupe1_pkg/lib/groupe1_pkg
[1.150s] writing list of installed files to '/home/csrobotique/lancer final/build/groupe1_pkg/install.log'
[1.174s] Invoked command in '/home/csrobotique/lancer final/groupe1_pkg' returned '0': PYTHONPATH=/home/csrobotique/lancer final/install/groupe1_pkg/lib/python3.10/site-packages:${PYTHONPATH} /usr/bin/python3 setup.py egg_info --egg-base ../build/groupe1_pkg build --build-base /home/csrobotique/lancer final/build/groupe1_pkg/build install --prefix /home/csrobotique/lancer final/install/groupe1_pkg --record /home/csrobotique/lancer final/build/groupe1_pkg/install.log --single-version-externally-managed
