[0.451s] DEBUG:colcon:Command line arguments: ['/usr/bin/colcon', 'build']
[0.451s] DEBUG:colcon:Parsed command line arguments: Namespace(log_base=None, log_level=None, verb_name='build', build_base='build', install_base='install', merge_install=False, symlink_install=False, test_result_base=None, continue_on_error=False, executor='parallel', parallel_workers=8, event_handlers=None, ignore_user_meta=False, metas=['./colcon.meta'], base_paths=['.'], packages_ignore=None, packages_ignore_regex=None, paths=None, packages_up_to=None, packages_up_to_regex=None, packages_above=None, packages_above_and_dependencies=None, packages_above_depth=None, packages_select_by_dep=None, packages_skip_by_dep=None, packages_skip_up_to=None, packages_select_build_failed=False, packages_skip_build_finished=False, packages_select_test_failures=False, packages_skip_test_passed=False, packages_select=None, packages_skip=None, packages_select_regex=None, packages_skip_regex=None, packages_start=None, packages_end=None, allow_overriding=[], cmake_args=None, cmake_target=None, cmake_target_skip_unavailable=False, cmake_clean_cache=False, cmake_clean_first=False, cmake_force_configure=False, ament_cmake_args=None, catkin_cmake_args=None, catkin_skip_building_tests=False, verb_parser=<colcon_defaults.argument_parser.defaults.DefaultArgumentsDecorator object at 0x7f69449ffa90>, verb_extension=<colcon_core.verb.build.BuildVerb object at 0x7f69453759f0>, main=<bound method BuildVerb.main of <colcon_core.verb.build.BuildVerb object at 0x7f69453759f0>>)
[0.485s] Level 1:colcon.colcon_core.package_discovery:discover_packages(colcon_meta) check parameters
[0.485s] Level 1:colcon.colcon_core.package_discovery:discover_packages(recursive) check parameters
[0.486s] Level 1:colcon.colcon_core.package_discovery:discover_packages(ignore) check parameters
[0.486s] Level 1:colcon.colcon_core.package_discovery:discover_packages(path) check parameters
[0.486s] Level 1:colcon.colcon_core.package_discovery:discover_packages(colcon_meta) discover
[0.486s] Level 1:colcon.colcon_core.package_discovery:discover_packages(recursive) discover
[0.486s] INFO:colcon.colcon_core.package_discovery:Crawling recursively for packages in '/home/csrobotique/lancer_final'
[0.486s] Level 1:colcon.colcon_core.package_identification:_identify(.) by extensions ['ignore', 'ignore_ament_install']
[0.486s] Level 1:colcon.colcon_core.package_identification:_identify(.) by extension 'ignore'
[0.486s] Level 1:colcon.colcon_core.package_identification:_identify(.) by extension 'ignore_ament_install'
[0.486s] Level 1:colcon.colcon_core.package_identification:_identify(.) by extensions ['colcon_pkg']
[0.486s] Level 1:colcon.colcon_core.package_identification:_identify(.) by extension 'colcon_pkg'
[0.486s] Level 1:colcon.colcon_core.package_identification:_identify(.) by extensions ['colcon_meta']
[0.486s] Level 1:colcon.colcon_core.package_identification:_identify(.) by extension 'colcon_meta'
[0.487s] Level 1:colcon.colcon_core.package_identification:_identify(.) by extensions ['ros']
[0.487s] Level 1:colcon.colcon_core.package_identification:_identify(.) by extension 'ros'
[0.515s] Level 1:colcon.colcon_core.package_identification:_identify(.) by extensions ['cmake', 'python']
[0.515s] Level 1:colcon.colcon_core.package_identification:_identify(.) by extension 'cmake'
[0.516s] Level 1:colcon.colcon_core.package_identification:_identify(.) by extension 'python'
[0.516s] Level 1:colcon.colcon_core.package_identification:_identify(.) by extensions ['python_setup_py']
[0.516s] Level 1:colcon.colcon_core.package_identification:_identify(.) by extension 'python_setup_py'
[0.516s] Level 1:colcon.colcon_core.package_identification:_identify(build) by extensions ['ignore', 'ignore_ament_install']
[0.516s] Level 1:colcon.colcon_core.package_identification:_identify(build) by extension 'ignore'
[0.516s] Level 1:colcon.colcon_core.package_identification:_identify(build) ignored
[0.517s] Level 1:colcon.colcon_core.package_identification:_identify(groupe1_pkg) by extensions ['ignore', 'ignore_ament_install']
[0.517s] Level 1:colcon.colcon_core.package_identification:_identify(groupe1_pkg) by extension 'ignore'
[0.517s] Level 1:colcon.colcon_core.package_identification:_identify(groupe1_pkg) by extension 'ignore_ament_install'
[0.517s] Level 1:colcon.colcon_core.package_identification:_identify(groupe1_pkg) by extensions ['colcon_pkg']
[0.517s] Level 1:colcon.colcon_core.package_identification:_identify(groupe1_pkg) by extension 'colcon_pkg'
[0.517s] Level 1:colcon.colcon_core.package_identification:_identify(groupe1_pkg) by extensions ['colcon_meta']
[0.517s] Level 1:colcon.colcon_core.package_identification:_identify(groupe1_pkg) by extension 'colcon_meta'
[0.517s] Level 1:colcon.colcon_core.package_identification:_identify(groupe1_pkg) by extensions ['ros']
[0.517s] Level 1:colcon.colcon_core.package_identification:_identify(groupe1_pkg) by extension 'ros'
[0.521s] DEBUG:colcon.colcon_core.package_identification:Package 'groupe1_pkg' with type 'ros.ament_python' and name 'groupe1_pkg'
[0.521s] Level 1:colcon.colcon_core.package_identification:_identify(install) by extensions ['ignore', 'ignore_ament_install']
[0.521s] Level 1:colcon.colcon_core.package_identification:_identify(install) by extension 'ignore'
[0.521s] Level 1:colcon.colcon_core.package_identification:_identify(install) ignored
[0.522s] Level 1:colcon.colcon_core.package_identification:_identify(log) by extensions ['ignore', 'ignore_ament_install']
[0.522s] Level 1:colcon.colcon_core.package_identification:_identify(log) by extension 'ignore'
[0.522s] Level 1:colcon.colcon_core.package_identification:_identify(log) ignored
[0.522s] Level 1:colcon.colcon_core.package_discovery:discover_packages(recursive) using defaults
[0.522s] Level 1:colcon.colcon_core.package_discovery:discover_packages(ignore) discover
[0.522s] Level 1:colcon.colcon_core.package_discovery:discover_packages(ignore) using defaults
[0.522s] Level 1:colcon.colcon_core.package_discovery:discover_packages(path) discover
[0.522s] Level 1:colcon.colcon_core.package_discovery:discover_packages(path) using defaults
[0.562s] Level 1:colcon.colcon_core.package_discovery:discover_packages(prefix_path) check parameters
[0.562s] Level 1:colcon.colcon_core.package_discovery:discover_packages(prefix_path) discover
[0.569s] DEBUG:colcon.colcon_installed_package_information.package_discovery:Found 1 installed packages in /home/csrobotique/lancer_final/install
[0.571s] DEBUG:colcon.colcon_installed_package_information.package_discovery:Found 13 installed packages in /home/csrobotique/robotis_workspace/install
[0.573s] DEBUG:colcon.colcon_installed_package_information.package_discovery:Found 13 installed packages in /home/csrobotique/ros2_ws/install
[0.576s] DEBUG:colcon.colcon_installed_package_information.package_discovery:Found 307 installed packages in /opt/ros/humble
[0.579s] Level 1:colcon.colcon_core.package_discovery:discover_packages(prefix_path) using defaults
[0.692s] Level 5:colcon.colcon_core.verb:set package 'groupe1_pkg' build argument 'cmake_args' from command line to 'None'
[0.692s] Level 5:colcon.colcon_core.verb:set package 'groupe1_pkg' build argument 'cmake_target' from command line to 'None'
[0.692s] Level 5:colcon.colcon_core.verb:set package 'groupe1_pkg' build argument 'cmake_target_skip_unavailable' from command line to 'False'
[0.692s] Level 5:colcon.colcon_core.verb:set package 'groupe1_pkg' build argument 'cmake_clean_cache' from command line to 'False'
[0.692s] Level 5:colcon.colcon_core.verb:set package 'groupe1_pkg' build argument 'cmake_clean_first' from command line to 'False'
[0.692s] Level 5:colcon.colcon_core.verb:set package 'groupe1_pkg' build argument 'cmake_force_configure' from command line to 'False'
[0.692s] Level 5:colcon.colcon_core.verb:set package 'groupe1_pkg' build argument 'ament_cmake_args' from command line to 'None'
[0.692s] Level 5:colcon.colcon_core.verb:set package 'groupe1_pkg' build argument 'catkin_cmake_args' from command line to 'None'
[0.693s] Level 5:colcon.colcon_core.verb:set package 'groupe1_pkg' build argument 'catkin_skip_building_tests' from command line to 'False'
[0.693s] DEBUG:colcon.colcon_core.verb:Building package 'groupe1_pkg' with the following arguments: {'ament_cmake_args': None, 'build_base': '/home/csrobotique/lancer_final/build/groupe1_pkg', 'catkin_cmake_args': None, 'catkin_skip_building_tests': False, 'cmake_args': None, 'cmake_clean_cache': False, 'cmake_clean_first': False, 'cmake_force_configure': False, 'cmake_target': None, 'cmake_target_skip_unavailable': False, 'install_base': '/home/csrobotique/lancer_final/install/groupe1_pkg', 'merge_install': False, 'path': '/home/csrobotique/lancer_final/groupe1_pkg', 'symlink_install': False, 'test_result_base': None}
[0.694s] INFO:colcon.colcon_core.executor:Executing jobs using 'parallel' executor
[0.703s] DEBUG:colcon.colcon_parallel_executor.executor.parallel:run_until_complete
[0.703s] INFO:colcon.colcon_ros.task.ament_python.build:Building ROS package in '/home/csrobotique/lancer_final/groupe1_pkg' with build type 'ament_python'
[0.704s] Level 1:colcon.colcon_core.shell:create_environment_hook('groupe1_pkg', 'ament_prefix_path')
[0.711s] INFO:colcon.colcon_core.plugin_system:Skipping extension 'colcon_core.shell.bat': Not used on non-Windows systems
[0.712s] INFO:colcon.colcon_core.shell:Creating environment hook '/home/csrobotique/lancer_final/install/groupe1_pkg/share/groupe1_pkg/hook/ament_prefix_path.ps1'
[0.712s] INFO:colcon.colcon_core.shell:Creating environment descriptor '/home/csrobotique/lancer_final/install/groupe1_pkg/share/groupe1_pkg/hook/ament_prefix_path.dsv'
[0.713s] INFO:colcon.colcon_core.shell:Creating environment hook '/home/csrobotique/lancer_final/install/groupe1_pkg/share/groupe1_pkg/hook/ament_prefix_path.sh'
[0.717s] INFO:colcon.colcon_core.shell:Skip shell extension 'powershell' for command environment: Not usable outside of PowerShell
[0.717s] DEBUG:colcon.colcon_core.shell:Skip shell extension 'dsv' for command environment
[1.156s] INFO:colcon.colcon_core.task.python.build:Building Python package in '/home/csrobotique/lancer_final/groupe1_pkg'
[1.158s] INFO:colcon.colcon_core.shell:Skip shell extension 'powershell' for command environment: Not usable outside of PowerShell
[1.158s] DEBUG:colcon.colcon_core.shell:Skip shell extension 'dsv' for command environment
[1.721s] DEBUG:colcon.colcon_core.event_handler.log_command:Invoking command in '/home/csrobotique/lancer_final/groupe1_pkg': PYTHONPATH=/home/csrobotique/lancer_final/build/groupe1_pkg/prefix_override:/home/csrobotique/lancer_final/install/groupe1_pkg/lib/python3.10/site-packages:${PYTHONPATH} /usr/bin/python3 setup.py egg_info --egg-base ../build/groupe1_pkg build --build-base /home/csrobotique/lancer_final/build/groupe1_pkg/build install --record /home/csrobotique/lancer_final/build/groupe1_pkg/install.log --install-scripts $base/lib/groupe1_pkg --single-version-externally-managed
[2.168s] Level 1:colcon.colcon_core.environment:checking '/home/csrobotique/lancer_final/install/groupe1_pkg' for CMake module files
[2.169s] Level 1:colcon.colcon_core.environment:checking '/home/csrobotique/lancer_final/install/groupe1_pkg' for CMake config files
[2.170s] Level 1:colcon.colcon_core.environment:checking '/home/csrobotique/lancer_final/install/groupe1_pkg/lib'
[2.170s] Level 1:colcon.colcon_core.environment:checking '/home/csrobotique/lancer_final/install/groupe1_pkg/bin'
[2.170s] Level 1:colcon.colcon_core.environment:checking '/home/csrobotique/lancer_final/install/groupe1_pkg/lib/pkgconfig/groupe1_pkg.pc'
[2.171s] Level 1:colcon.colcon_core.environment:checking '/home/csrobotique/lancer_final/install/groupe1_pkg/lib/python3.10/site-packages'
[2.171s] Level 1:colcon.colcon_core.shell:create_environment_hook('groupe1_pkg', 'pythonpath')
[2.173s] INFO:colcon.colcon_core.shell:Creating environment hook '/home/csrobotique/lancer_final/install/groupe1_pkg/share/groupe1_pkg/hook/pythonpath.ps1'
[2.173s] INFO:colcon.colcon_core.shell:Creating environment descriptor '/home/csrobotique/lancer_final/install/groupe1_pkg/share/groupe1_pkg/hook/pythonpath.dsv'
[2.174s] INFO:colcon.colcon_core.shell:Creating environment hook '/home/csrobotique/lancer_final/install/groupe1_pkg/share/groupe1_pkg/hook/pythonpath.sh'
[2.175s] Level 1:colcon.colcon_core.environment:checking '/home/csrobotique/lancer_final/install/groupe1_pkg/bin'
[2.175s] Level 1:colcon.colcon_core.environment:create_environment_scripts_only(groupe1_pkg)
[2.177s] INFO:colcon.colcon_core.shell:Creating package script '/home/csrobotique/lancer_final/install/groupe1_pkg/share/groupe1_pkg/package.ps1'
[2.178s] DEBUG:colcon.colcon_core.event_handler.log_command:Invoked command in '/home/csrobotique/lancer_final/groupe1_pkg' returned '0': PYTHONPATH=/home/csrobotique/lancer_final/build/groupe1_pkg/prefix_override:/home/csrobotique/lancer_final/install/groupe1_pkg/lib/python3.10/site-packages:${PYTHONPATH} /usr/bin/python3 setup.py egg_info --egg-base ../build/groupe1_pkg build --build-base /home/csrobotique/lancer_final/build/groupe1_pkg/build install --record /home/csrobotique/lancer_final/build/groupe1_pkg/install.log --install-scripts $base/lib/groupe1_pkg --single-version-externally-managed
[2.179s] INFO:colcon.colcon_core.shell:Creating package descriptor '/home/csrobotique/lancer_final/install/groupe1_pkg/share/groupe1_pkg/package.dsv'
[2.180s] INFO:colcon.colcon_core.shell:Creating package script '/home/csrobotique/lancer_final/install/groupe1_pkg/share/groupe1_pkg/package.sh'
[2.181s] INFO:colcon.colcon_core.shell:Creating package script '/home/csrobotique/lancer_final/install/groupe1_pkg/share/groupe1_pkg/package.bash'
[2.182s] INFO:colcon.colcon_core.shell:Creating package script '/home/csrobotique/lancer_final/install/groupe1_pkg/share/groupe1_pkg/package.zsh'
[2.183s] Level 1:colcon.colcon_core.environment:create_file_with_runtime_dependencies(/home/csrobotique/lancer_final/install/groupe1_pkg/share/colcon-core/packages/groupe1_pkg)
[2.184s] DEBUG:colcon.colcon_parallel_executor.executor.parallel:closing loop
[2.187s] DEBUG:colcon.colcon_parallel_executor.executor.parallel:loop closed
[2.188s] DEBUG:colcon.colcon_parallel_executor.executor.parallel:run_until_complete finished with '0'
[2.188s] DEBUG:colcon.colcon_core.event_reactor:joining thread
[2.196s] INFO:colcon.colcon_core.plugin_system:Skipping extension 'colcon_notification.desktop_notification.terminal_notifier': Not used on non-Darwin systems
[2.196s] INFO:colcon.colcon_core.plugin_system:Skipping extension 'colcon_notification.desktop_notification.win32': Not used on non-Windows systems
[2.196s] INFO:colcon.colcon_notification.desktop_notification:Sending desktop notification using 'notify2'
[2.227s] DEBUG:colcon.colcon_core.event_reactor:joined thread
[2.230s] INFO:colcon.colcon_core.shell:Creating prefix script '/home/csrobotique/lancer_final/install/local_setup.ps1'
[2.232s] INFO:colcon.colcon_core.shell:Creating prefix util module '/home/csrobotique/lancer_final/install/_local_setup_util_ps1.py'
[2.235s] INFO:colcon.colcon_core.shell:Creating prefix chain script '/home/csrobotique/lancer_final/install/setup.ps1'
[2.240s] INFO:colcon.colcon_core.shell:Creating prefix script '/home/csrobotique/lancer_final/install/local_setup.sh'
[2.241s] INFO:colcon.colcon_core.shell:Creating prefix util module '/home/csrobotique/lancer_final/install/_local_setup_util_sh.py'
[2.242s] INFO:colcon.colcon_core.shell:Creating prefix chain script '/home/csrobotique/lancer_final/install/setup.sh'
[2.247s] INFO:colcon.colcon_core.shell:Creating prefix script '/home/csrobotique/lancer_final/install/local_setup.bash'
[2.248s] INFO:colcon.colcon_core.shell:Creating prefix chain script '/home/csrobotique/lancer_final/install/setup.bash'
[2.254s] INFO:colcon.colcon_core.shell:Creating prefix script '/home/csrobotique/lancer_final/install/local_setup.zsh'
[2.255s] INFO:colcon.colcon_core.shell:Creating prefix chain script '/home/csrobotique/lancer_final/install/setup.zsh'
