running egg_info
creating ../build/groupe1_pkg/groupe1_pkg.egg-info
writing ../build/groupe1_pkg/groupe1_pkg.egg-info/PKG-INFO
writing dependency_links to ../build/groupe1_pkg/groupe1_pkg.egg-info/dependency_links.txt
writing entry points to ../build/groupe1_pkg/groupe1_pkg.egg-info/entry_points.txt
writing requirements to ../build/groupe1_pkg/groupe1_pkg.egg-info/requires.txt
writing top-level names to ../build/groupe1_pkg/groupe1_pkg.egg-info/top_level.txt
writing manifest file '../build/groupe1_pkg/groupe1_pkg.egg-info/SOURCES.txt'
reading manifest file '../build/groupe1_pkg/groupe1_pkg.egg-info/SOURCES.txt'
writing manifest file '../build/groupe1_pkg/groupe1_pkg.egg-info/SOURCES.txt'
running build
running build_py
creating /home/csrobotique/lancer final/build/groupe1_pkg/build
creating /home/csrobotique/lancer final/build/groupe1_pkg/build/lib
creating /home/csrobotique/lancer final/build/groupe1_pkg/build/lib/groupe1_pkg
copying groupe1_pkg/__init__.py -> /home/csrobotique/lancer final/build/groupe1_pkg/build/lib/groupe1_pkg
copying groupe1_pkg/structure2.py -> /home/csrobotique/lancer final/build/groupe1_pkg/build/lib/groupe1_pkg
copying groupe1_pkg/test_orientation.py -> /home/csrobotique/lancer final/build/groupe1_pkg/build/lib/groupe1_pkg
copying groupe1_pkg/control_robot_demo.py -> /home/csrobotique/lancer final/build/groupe1_pkg/build/lib/groupe1_pkg
copying groupe1_pkg/lancement.py -> /home/csrobotique/lancer final/build/groupe1_pkg/build/lib/groupe1_pkg
copying groupe1_pkg/controleur2.py -> /home/csrobotique/lancer final/build/groupe1_pkg/build/lib/groupe1_pkg
copying groupe1_pkg/test_pince.py -> /home/csrobotique/lancer final/build/groupe1_pkg/build/lib/groupe1_pkg
copying groupe1_pkg/camera.py -> /home/csrobotique/lancer final/build/groupe1_pkg/build/lib/groupe1_pkg
copying groupe1_pkg/enregistrement.py -> /home/csrobotique/lancer final/build/groupe1_pkg/build/lib/groupe1_pkg
copying groupe1_pkg/controleur.py -> /home/csrobotique/lancer final/build/groupe1_pkg/build/lib/groupe1_pkg
copying groupe1_pkg/zed2_custom_code.py -> /home/csrobotique/lancer final/build/groupe1_pkg/build/lib/groupe1_pkg
copying groupe1_pkg/structure.py -> /home/csrobotique/lancer final/build/groupe1_pkg/build/lib/groupe1_pkg
copying groupe1_pkg/trajectoire2.py -> /home/csrobotique/lancer final/build/groupe1_pkg/build/lib/groupe1_pkg
copying groupe1_pkg/camera_demo.py -> /home/csrobotique/lancer final/build/groupe1_pkg/build/lib/groupe1_pkg
copying groupe1_pkg/vision.py -> /home/csrobotique/lancer final/build/groupe1_pkg/build/lib/groupe1_pkg
copying groupe1_pkg/test.py -> /home/csrobotique/lancer final/build/groupe1_pkg/build/lib/groupe1_pkg
copying groupe1_pkg/controlleur.py -> /home/csrobotique/lancer final/build/groupe1_pkg/build/lib/groupe1_pkg
copying groupe1_pkg/vision_cal.py -> /home/csrobotique/lancer final/build/groupe1_pkg/build/lib/groupe1_pkg
copying groupe1_pkg/sauvegarde.py -> /home/csrobotique/lancer final/build/groupe1_pkg/build/lib/groupe1_pkg
copying groupe1_pkg/essai1.py -> /home/csrobotique/lancer final/build/groupe1_pkg/build/lib/groupe1_pkg
copying groupe1_pkg/trajectoire.py -> /home/csrobotique/lancer final/build/groupe1_pkg/build/lib/groupe1_pkg
copying groupe1_pkg/controleur1.py -> /home/csrobotique/lancer final/build/groupe1_pkg/build/lib/groupe1_pkg
copying groupe1_pkg/control_robot.py -> /home/csrobotique/lancer final/build/groupe1_pkg/build/lib/groupe1_pkg
copying groupe1_pkg/essai2.py -> /home/csrobotique/lancer final/build/groupe1_pkg/build/lib/groupe1_pkg
copying groupe1_pkg/control_angle.py -> /home/csrobotique/lancer final/build/groupe1_pkg/build/lib/groupe1_pkg
running install
running install_lib
creating /home/csrobotique/lancer final/install/groupe1_pkg/lib/python3.10/site-packages/groupe1_pkg
copying /home/csrobotique/lancer final/build/groupe1_pkg/build/lib/groupe1_pkg/__init__.py -> /home/csrobotique/lancer final/install/groupe1_pkg/lib/python3.10/site-packages/groupe1_pkg
copying /home/csrobotique/lancer final/build/groupe1_pkg/build/lib/groupe1_pkg/structure2.py -> /home/csrobotique/lancer final/install/groupe1_pkg/lib/python3.10/site-packages/groupe1_pkg
copying /home/csrobotique/lancer final/build/groupe1_pkg/build/lib/groupe1_pkg/test_orientation.py -> /home/csrobotique/lancer final/install/groupe1_pkg/lib/python3.10/site-packages/groupe1_pkg
copying /home/csrobotique/lancer final/build/groupe1_pkg/build/lib/groupe1_pkg/control_robot_demo.py -> /home/csrobotique/lancer final/install/groupe1_pkg/lib/python3.10/site-packages/groupe1_pkg
copying /home/csrobotique/lancer final/build/groupe1_pkg/build/lib/groupe1_pkg/lancement.py -> /home/csrobotique/lancer final/install/groupe1_pkg/lib/python3.10/site-packages/groupe1_pkg
copying /home/csrobotique/lancer final/build/groupe1_pkg/build/lib/groupe1_pkg/controleur2.py -> /home/csrobotique/lancer final/install/groupe1_pkg/lib/python3.10/site-packages/groupe1_pkg
copying /home/csrobotique/lancer final/build/groupe1_pkg/build/lib/groupe1_pkg/test_pince.py -> /home/csrobotique/lancer final/install/groupe1_pkg/lib/python3.10/site-packages/groupe1_pkg
copying /home/csrobotique/lancer final/build/groupe1_pkg/build/lib/groupe1_pkg/camera.py -> /home/csrobotique/lancer final/install/groupe1_pkg/lib/python3.10/site-packages/groupe1_pkg
copying /home/csrobotique/lancer final/build/groupe1_pkg/build/lib/groupe1_pkg/enregistrement.py -> /home/csrobotique/lancer final/install/groupe1_pkg/lib/python3.10/site-packages/groupe1_pkg
copying /home/csrobotique/lancer final/build/groupe1_pkg/build/lib/groupe1_pkg/controleur.py -> /home/csrobotique/lancer final/install/groupe1_pkg/lib/python3.10/site-packages/groupe1_pkg
copying /home/csrobotique/lancer final/build/groupe1_pkg/build/lib/groupe1_pkg/zed2_custom_code.py -> /home/csrobotique/lancer final/install/groupe1_pkg/lib/python3.10/site-packages/groupe1_pkg
copying /home/csrobotique/lancer final/build/groupe1_pkg/build/lib/groupe1_pkg/structure.py -> /home/csrobotique/lancer final/install/groupe1_pkg/lib/python3.10/site-packages/groupe1_pkg
copying /home/csrobotique/lancer final/build/groupe1_pkg/build/lib/groupe1_pkg/trajectoire2.py -> /home/csrobotique/lancer final/install/groupe1_pkg/lib/python3.10/site-packages/groupe1_pkg
copying /home/csrobotique/lancer final/build/groupe1_pkg/build/lib/groupe1_pkg/camera_demo.py -> /home/csrobotique/lancer final/install/groupe1_pkg/lib/python3.10/site-packages/groupe1_pkg
copying /home/csrobotique/lancer final/build/groupe1_pkg/build/lib/groupe1_pkg/vision.py -> /home/csrobotique/lancer final/install/groupe1_pkg/lib/python3.10/site-packages/groupe1_pkg
copying /home/csrobotique/lancer final/build/groupe1_pkg/build/lib/groupe1_pkg/test.py -> /home/csrobotique/lancer final/install/groupe1_pkg/lib/python3.10/site-packages/groupe1_pkg
copying /home/csrobotique/lancer final/build/groupe1_pkg/build/lib/groupe1_pkg/controlleur.py -> /home/csrobotique/lancer final/install/groupe1_pkg/lib/python3.10/site-packages/groupe1_pkg
copying /home/csrobotique/lancer final/build/groupe1_pkg/build/lib/groupe1_pkg/vision_cal.py -> /home/csrobotique/lancer final/install/groupe1_pkg/lib/python3.10/site-packages/groupe1_pkg
copying /home/csrobotique/lancer final/build/groupe1_pkg/build/lib/groupe1_pkg/sauvegarde.py -> /home/csrobotique/lancer final/install/groupe1_pkg/lib/python3.10/site-packages/groupe1_pkg
copying /home/csrobotique/lancer final/build/groupe1_pkg/build/lib/groupe1_pkg/essai1.py -> /home/csrobotique/lancer final/install/groupe1_pkg/lib/python3.10/site-packages/groupe1_pkg
copying /home/csrobotique/lancer final/build/groupe1_pkg/build/lib/groupe1_pkg/trajectoire.py -> /home/csrobotique/lancer final/install/groupe1_pkg/lib/python3.10/site-packages/groupe1_pkg
copying /home/csrobotique/lancer final/build/groupe1_pkg/build/lib/groupe1_pkg/controleur1.py -> /home/csrobotique/lancer final/install/groupe1_pkg/lib/python3.10/site-packages/groupe1_pkg
copying /home/csrobotique/lancer final/build/groupe1_pkg/build/lib/groupe1_pkg/control_robot.py -> /home/csrobotique/lancer final/install/groupe1_pkg/lib/python3.10/site-packages/groupe1_pkg
copying /home/csrobotique/lancer final/build/groupe1_pkg/build/lib/groupe1_pkg/essai2.py -> /home/csrobotique/lancer final/install/groupe1_pkg/lib/python3.10/site-packages/groupe1_pkg
copying /home/csrobotique/lancer final/build/groupe1_pkg/build/lib/groupe1_pkg/control_angle.py -> /home/csrobotique/lancer final/install/groupe1_pkg/lib/python3.10/site-packages/groupe1_pkg
byte-compiling /home/csrobotique/lancer final/install/groupe1_pkg/lib/python3.10/site-packages/groupe1_pkg/__init__.py to __init__.cpython-310.pyc
byte-compiling /home/csrobotique/lancer final/install/groupe1_pkg/lib/python3.10/site-packages/groupe1_pkg/structure2.py to structure2.cpython-310.pyc
byte-compiling /home/csrobotique/lancer final/install/groupe1_pkg/lib/python3.10/site-packages/groupe1_pkg/test_orientation.py to test_orientation.cpython-310.pyc
byte-compiling /home/csrobotique/lancer final/install/groupe1_pkg/lib/python3.10/site-packages/groupe1_pkg/control_robot_demo.py to control_robot_demo.cpython-310.pyc
byte-compiling /home/csrobotique/lancer final/install/groupe1_pkg/lib/python3.10/site-packages/groupe1_pkg/lancement.py to lancement.cpython-310.pyc
byte-compiling /home/csrobotique/lancer final/install/groupe1_pkg/lib/python3.10/site-packages/groupe1_pkg/controleur2.py to controleur2.cpython-310.pyc
byte-compiling /home/csrobotique/lancer final/install/groupe1_pkg/lib/python3.10/site-packages/groupe1_pkg/test_pince.py to test_pince.cpython-310.pyc
byte-compiling /home/csrobotique/lancer final/install/groupe1_pkg/lib/python3.10/site-packages/groupe1_pkg/camera.py to camera.cpython-310.pyc
byte-compiling /home/csrobotique/lancer final/install/groupe1_pkg/lib/python3.10/site-packages/groupe1_pkg/enregistrement.py to enregistrement.cpython-310.pyc
byte-compiling /home/csrobotique/lancer final/install/groupe1_pkg/lib/python3.10/site-packages/groupe1_pkg/controleur.py to controleur.cpython-310.pyc
byte-compiling /home/csrobotique/lancer final/install/groupe1_pkg/lib/python3.10/site-packages/groupe1_pkg/zed2_custom_code.py to zed2_custom_code.cpython-310.pyc
byte-compiling /home/csrobotique/lancer final/install/groupe1_pkg/lib/python3.10/site-packages/groupe1_pkg/structure.py to structure.cpython-310.pyc
byte-compiling /home/csrobotique/lancer final/install/groupe1_pkg/lib/python3.10/site-packages/groupe1_pkg/trajectoire2.py to trajectoire2.cpython-310.pyc
byte-compiling /home/csrobotique/lancer final/install/groupe1_pkg/lib/python3.10/site-packages/groupe1_pkg/camera_demo.py to camera_demo.cpython-310.pyc
byte-compiling /home/csrobotique/lancer final/install/groupe1_pkg/lib/python3.10/site-packages/groupe1_pkg/vision.py to vision.cpython-310.pyc
byte-compiling /home/csrobotique/lancer final/install/groupe1_pkg/lib/python3.10/site-packages/groupe1_pkg/test.py to test.cpython-310.pyc
byte-compiling /home/csrobotique/lancer final/install/groupe1_pkg/lib/python3.10/site-packages/groupe1_pkg/controlleur.py to controlleur.cpython-310.pyc
byte-compiling /home/csrobotique/lancer final/install/groupe1_pkg/lib/python3.10/site-packages/groupe1_pkg/vision_cal.py to vision_cal.cpython-310.pyc
byte-compiling /home/csrobotique/lancer final/install/groupe1_pkg/lib/python3.10/site-packages/groupe1_pkg/sauvegarde.py to sauvegarde.cpython-310.pyc
byte-compiling /home/csrobotique/lancer final/install/groupe1_pkg/lib/python3.10/site-packages/groupe1_pkg/essai1.py to essai1.cpython-310.pyc
byte-compiling /home/csrobotique/lancer final/install/groupe1_pkg/lib/python3.10/site-packages/groupe1_pkg/trajectoire.py to trajectoire.cpython-310.pyc
byte-compiling /home/csrobotique/lancer final/install/groupe1_pkg/lib/python3.10/site-packages/groupe1_pkg/controleur1.py to controleur1.cpython-310.pyc
byte-compiling /home/csrobotique/lancer final/install/groupe1_pkg/lib/python3.10/site-packages/groupe1_pkg/control_robot.py to control_robot.cpython-310.pyc
byte-compiling /home/csrobotique/lancer final/install/groupe1_pkg/lib/python3.10/site-packages/groupe1_pkg/essai2.py to essai2.cpython-310.pyc
byte-compiling /home/csrobotique/lancer final/install/groupe1_pkg/lib/python3.10/site-packages/groupe1_pkg/control_angle.py to control_angle.cpython-310.pyc
running install_data
creating /home/csrobotique/lancer final/install/groupe1_pkg/share/ament_index
creating /home/csrobotique/lancer final/install/groupe1_pkg/share/ament_index/resource_index
creating /home/csrobotique/lancer final/install/groupe1_pkg/share/ament_index/resource_index/packages
copying resource/groupe1_pkg -> /home/csrobotique/lancer final/install/groupe1_pkg/share/ament_index/resource_index/packages
copying package.xml -> /home/csrobotique/lancer final/install/groupe1_pkg/share/groupe1_pkg
running install_egg_info
Copying ../build/groupe1_pkg/groupe1_pkg.egg-info to /home/csrobotique/lancer final/install/groupe1_pkg/lib/python3.10/site-packages/groupe1_pkg-0.0.0-py3.10.egg-info
running install_scripts
Installing camera script to /home/csrobotique/lancer final/install/groupe1_pkg/lib/groupe1_pkg
Installing control_angle script to /home/csrobotique/lancer final/install/groupe1_pkg/lib/groupe1_pkg
Installing control_robot script to /home/csrobotique/lancer final/install/groupe1_pkg/lib/groupe1_pkg
Installing controleur script to /home/csrobotique/lancer final/install/groupe1_pkg/lib/groupe1_pkg
Installing controleur1 script to /home/csrobotique/lancer final/install/groupe1_pkg/lib/groupe1_pkg
Installing controleur2 script to /home/csrobotique/lancer final/install/groupe1_pkg/lib/groupe1_pkg
Installing controlleur script to /home/csrobotique/lancer final/install/groupe1_pkg/lib/groupe1_pkg
Installing demo_cam script to /home/csrobotique/lancer final/install/groupe1_pkg/lib/groupe1_pkg
Installing demo_control script to /home/csrobotique/lancer final/install/groupe1_pkg/lib/groupe1_pkg
Installing enregistrement script to /home/csrobotique/lancer final/install/groupe1_pkg/lib/groupe1_pkg
Installing essai1 script to /home/csrobotique/lancer final/install/groupe1_pkg/lib/groupe1_pkg
Installing essai2 script to /home/csrobotique/lancer final/install/groupe1_pkg/lib/groupe1_pkg
Installing lancement = groupe1_pkg.lancement:maingobelet script to /home/csrobotique/lancer final/install/groupe1_pkg/lib/groupe1_pkg
Installing sauvegarde script to /home/csrobotique/lancer final/install/groupe1_pkg/lib/groupe1_pkg
Installing structure script to /home/csrobotique/lancer final/install/groupe1_pkg/lib/groupe1_pkg
Installing structure_delai script to /home/csrobotique/lancer final/install/groupe1_pkg/lib/groupe1_pkg
Installing test_orientation script to /home/csrobotique/lancer final/install/groupe1_pkg/lib/groupe1_pkg
Installing test_pince script to /home/csrobotique/lancer final/install/groupe1_pkg/lib/groupe1_pkg
Installing trajectoire script to /home/csrobotique/lancer final/install/groupe1_pkg/lib/groupe1_pkg
Installing trajectoire2 script to /home/csrobotique/lancer final/install/groupe1_pkg/lib/groupe1_pkg
Installing vision script to /home/csrobotique/lancer final/install/groupe1_pkg/lib/groupe1_pkg
Installing vision_cal script to /home/csrobotique/lancer final/install/groupe1_pkg/lib/groupe1_pkg
writing list of installed files to '/home/csrobotique/lancer final/build/groupe1_pkg/install.log'
