[0.622s] Invoking command in '/home/csrobotique/lancer final/groupe1_pkg': PYTHONPATH=/home/csrobotique/lancer final/install/groupe1_pkg/lib/python3.10/site-packages:${PYTHONPATH} /usr/bin/python3 setup.py egg_info --egg-base ../build/groupe1_pkg build --build-base /home/csrobotique/lancer final/build/groupe1_pkg/build install --prefix /home/csrobotique/lancer final/install/groupe1_pkg --record /home/csrobotique/lancer final/build/groupe1_pkg/install.log --single-version-externally-managed
[0.850s] /usr/lib/python3/dist-packages/setuptools/dist.py:723: UserWarning: Usage of dash-separated 'script-dir' will not be supported in future versions. Please use the underscore name 'script_dir' instead
[0.850s]   warnings.warn(
[0.851s] /usr/lib/python3/dist-packages/setuptools/dist.py:723: UserWarning: Usage of dash-separated 'install-scripts' will not be supported in future versions. Please use the underscore name 'install_scripts' instead
[0.851s]   warnings.warn(
[0.858s] running egg_info
[0.859s] creating ../build/groupe1_pkg/groupe1_pkg.egg-info
[0.859s] writing ../build/groupe1_pkg/groupe1_pkg.egg-info/PKG-INFO
[0.860s] writing dependency_links to ../build/groupe1_pkg/groupe1_pkg.egg-info/dependency_links.txt
[0.860s] writing entry points to ../build/groupe1_pkg/groupe1_pkg.egg-info/entry_points.txt
[0.861s] writing requirements to ../build/groupe1_pkg/groupe1_pkg.egg-info/requires.txt
[0.861s] writing top-level names to ../build/groupe1_pkg/groupe1_pkg.egg-info/top_level.txt
[0.861s] writing manifest file '../build/groupe1_pkg/groupe1_pkg.egg-info/SOURCES.txt'
[0.863s] reading manifest file '../build/groupe1_pkg/groupe1_pkg.egg-info/SOURCES.txt'
[0.864s] writing manifest file '../build/groupe1_pkg/groupe1_pkg.egg-info/SOURCES.txt'
[0.864s] running build
[0.864s] running build_py
[0.865s] creating /home/csrobotique/lancer final/build/groupe1_pkg/build
[0.865s] creating /home/csrobotique/lancer final/build/groupe1_pkg/build/lib
[0.865s] creating /home/csrobotique/lancer final/build/groupe1_pkg/build/lib/groupe1_pkg
[0.865s] copying groupe1_pkg/__init__.py -> /home/csrobotique/lancer final/build/groupe1_pkg/build/lib/groupe1_pkg
[0.865s] copying groupe1_pkg/structure2.py -> /home/csrobotique/lancer final/build/groupe1_pkg/build/lib/groupe1_pkg
[0.866s] copying groupe1_pkg/test_orientation.py -> /home/csrobotique/lancer final/build/groupe1_pkg/build/lib/groupe1_pkg
[0.866s] copying groupe1_pkg/control_robot_demo.py -> /home/csrobotique/lancer final/build/groupe1_pkg/build/lib/groupe1_pkg
[0.866s] copying groupe1_pkg/lancement.py -> /home/csrobotique/lancer final/build/groupe1_pkg/build/lib/groupe1_pkg
[0.866s] copying groupe1_pkg/controleur2.py -> /home/csrobotique/lancer final/build/groupe1_pkg/build/lib/groupe1_pkg
[0.866s] copying groupe1_pkg/test_pince.py -> /home/csrobotique/lancer final/build/groupe1_pkg/build/lib/groupe1_pkg
[0.866s] copying groupe1_pkg/camera.py -> /home/csrobotique/lancer final/build/groupe1_pkg/build/lib/groupe1_pkg
[0.866s] copying groupe1_pkg/enregistrement.py -> /home/csrobotique/lancer final/build/groupe1_pkg/build/lib/groupe1_pkg
[0.866s] copying groupe1_pkg/controleur.py -> /home/csrobotique/lancer final/build/groupe1_pkg/build/lib/groupe1_pkg
[0.866s] copying groupe1_pkg/zed2_custom_code.py -> /home/csrobotique/lancer final/build/groupe1_pkg/build/lib/groupe1_pkg
[0.866s] copying groupe1_pkg/structure.py -> /home/csrobotique/lancer final/build/groupe1_pkg/build/lib/groupe1_pkg
[0.867s] copying groupe1_pkg/trajectoire2.py -> /home/csrobotique/lancer final/build/groupe1_pkg/build/lib/groupe1_pkg
[0.867s] copying groupe1_pkg/camera_demo.py -> /home/csrobotique/lancer final/build/groupe1_pkg/build/lib/groupe1_pkg
[0.867s] copying groupe1_pkg/vision.py -> /home/csrobotique/lancer final/build/groupe1_pkg/build/lib/groupe1_pkg
[0.867s] copying groupe1_pkg/test.py -> /home/csrobotique/lancer final/build/groupe1_pkg/build/lib/groupe1_pkg
[0.867s] copying groupe1_pkg/controlleur.py -> /home/csrobotique/lancer final/build/groupe1_pkg/build/lib/groupe1_pkg
[0.868s] copying groupe1_pkg/vision_cal.py -> /home/csrobotique/lancer final/build/groupe1_pkg/build/lib/groupe1_pkg
[0.868s] copying groupe1_pkg/sauvegarde.py -> /home/csrobotique/lancer final/build/groupe1_pkg/build/lib/groupe1_pkg
[0.868s] copying groupe1_pkg/essai1.py -> /home/csrobotique/lancer final/build/groupe1_pkg/build/lib/groupe1_pkg
[0.868s] copying groupe1_pkg/trajectoire.py -> /home/csrobotique/lancer final/build/groupe1_pkg/build/lib/groupe1_pkg
[0.869s] copying groupe1_pkg/controleur1.py -> /home/csrobotique/lancer final/build/groupe1_pkg/build/lib/groupe1_pkg
[0.869s] copying groupe1_pkg/control_robot.py -> /home/csrobotique/lancer final/build/groupe1_pkg/build/lib/groupe1_pkg
[0.869s] copying groupe1_pkg/essai2.py -> /home/csrobotique/lancer final/build/groupe1_pkg/build/lib/groupe1_pkg
[0.869s] copying groupe1_pkg/control_angle.py -> /home/csrobotique/lancer final/build/groupe1_pkg/build/lib/groupe1_pkg
[0.869s] running install
[0.870s] /usr/lib/python3/dist-packages/setuptools/command/install.py:34: SetuptoolsDeprecationWarning: setup.py install is deprecated. Use build and pip and other standards-based tools.
[0.870s]   warnings.warn(
[0.870s] running install_lib
[0.871s] creating /home/csrobotique/lancer final/install/groupe1_pkg/lib/python3.10/site-packages/groupe1_pkg
[0.871s] copying /home/csrobotique/lancer final/build/groupe1_pkg/build/lib/groupe1_pkg/__init__.py -> /home/csrobotique/lancer final/install/groupe1_pkg/lib/python3.10/site-packages/groupe1_pkg
[0.871s] copying /home/csrobotique/lancer final/build/groupe1_pkg/build/lib/groupe1_pkg/structure2.py -> /home/csrobotique/lancer final/install/groupe1_pkg/lib/python3.10/site-packages/groupe1_pkg
[0.872s] copying /home/csrobotique/lancer final/build/groupe1_pkg/build/lib/groupe1_pkg/test_orientation.py -> /home/csrobotique/lancer final/install/groupe1_pkg/lib/python3.10/site-packages/groupe1_pkg
[0.872s] copying /home/csrobotique/lancer final/build/groupe1_pkg/build/lib/groupe1_pkg/control_robot_demo.py -> /home/csrobotique/lancer final/install/groupe1_pkg/lib/python3.10/site-packages/groupe1_pkg
[0.872s] copying /home/csrobotique/lancer final/build/groupe1_pkg/build/lib/groupe1_pkg/lancement.py -> /home/csrobotique/lancer final/install/groupe1_pkg/lib/python3.10/site-packages/groupe1_pkg
[0.872s] copying /home/csrobotique/lancer final/build/groupe1_pkg/build/lib/groupe1_pkg/controleur2.py -> /home/csrobotique/lancer final/install/groupe1_pkg/lib/python3.10/site-packages/groupe1_pkg
[0.872s] copying /home/csrobotique/lancer final/build/groupe1_pkg/build/lib/groupe1_pkg/test_pince.py -> /home/csrobotique/lancer final/install/groupe1_pkg/lib/python3.10/site-packages/groupe1_pkg
[0.872s] copying /home/csrobotique/lancer final/build/groupe1_pkg/build/lib/groupe1_pkg/camera.py -> /home/csrobotique/lancer final/install/groupe1_pkg/lib/python3.10/site-packages/groupe1_pkg
[0.872s] copying /home/csrobotique/lancer final/build/groupe1_pkg/build/lib/groupe1_pkg/enregistrement.py -> /home/csrobotique/lancer final/install/groupe1_pkg/lib/python3.10/site-packages/groupe1_pkg
[0.872s] copying /home/csrobotique/lancer final/build/groupe1_pkg/build/lib/groupe1_pkg/controleur.py -> /home/csrobotique/lancer final/install/groupe1_pkg/lib/python3.10/site-packages/groupe1_pkg
[0.873s] copying /home/csrobotique/lancer final/build/groupe1_pkg/build/lib/groupe1_pkg/zed2_custom_code.py -> /home/csrobotique/lancer final/install/groupe1_pkg/lib/python3.10/site-packages/groupe1_pkg
[0.873s] copying /home/csrobotique/lancer final/build/groupe1_pkg/build/lib/groupe1_pkg/structure.py -> /home/csrobotique/lancer final/install/groupe1_pkg/lib/python3.10/site-packages/groupe1_pkg
[0.873s] copying /home/csrobotique/lancer final/build/groupe1_pkg/build/lib/groupe1_pkg/trajectoire2.py -> /home/csrobotique/lancer final/install/groupe1_pkg/lib/python3.10/site-packages/groupe1_pkg
[0.873s] copying /home/csrobotique/lancer final/build/groupe1_pkg/build/lib/groupe1_pkg/camera_demo.py -> /home/csrobotique/lancer final/install/groupe1_pkg/lib/python3.10/site-packages/groupe1_pkg
[0.873s] copying /home/csrobotique/lancer final/build/groupe1_pkg/build/lib/groupe1_pkg/vision.py -> /home/csrobotique/lancer final/install/groupe1_pkg/lib/python3.10/site-packages/groupe1_pkg
[0.874s] copying /home/csrobotique/lancer final/build/groupe1_pkg/build/lib/groupe1_pkg/test.py -> /home/csrobotique/lancer final/install/groupe1_pkg/lib/python3.10/site-packages/groupe1_pkg
[0.874s] copying /home/csrobotique/lancer final/build/groupe1_pkg/build/lib/groupe1_pkg/controlleur.py -> /home/csrobotique/lancer final/install/groupe1_pkg/lib/python3.10/site-packages/groupe1_pkg
[0.874s] copying /home/csrobotique/lancer final/build/groupe1_pkg/build/lib/groupe1_pkg/vision_cal.py -> /home/csrobotique/lancer final/install/groupe1_pkg/lib/python3.10/site-packages/groupe1_pkg
[0.874s] copying /home/csrobotique/lancer final/build/groupe1_pkg/build/lib/groupe1_pkg/sauvegarde.py -> /home/csrobotique/lancer final/install/groupe1_pkg/lib/python3.10/site-packages/groupe1_pkg
[0.874s] copying /home/csrobotique/lancer final/build/groupe1_pkg/build/lib/groupe1_pkg/essai1.py -> /home/csrobotique/lancer final/install/groupe1_pkg/lib/python3.10/site-packages/groupe1_pkg
[0.874s] copying /home/csrobotique/lancer final/build/groupe1_pkg/build/lib/groupe1_pkg/trajectoire.py -> /home/csrobotique/lancer final/install/groupe1_pkg/lib/python3.10/site-packages/groupe1_pkg
[0.874s] copying /home/csrobotique/lancer final/build/groupe1_pkg/build/lib/groupe1_pkg/controleur1.py -> /home/csrobotique/lancer final/install/groupe1_pkg/lib/python3.10/site-packages/groupe1_pkg
[0.874s] copying /home/csrobotique/lancer final/build/groupe1_pkg/build/lib/groupe1_pkg/control_robot.py -> /home/csrobotique/lancer final/install/groupe1_pkg/lib/python3.10/site-packages/groupe1_pkg
[0.875s] copying /home/csrobotique/lancer final/build/groupe1_pkg/build/lib/groupe1_pkg/essai2.py -> /home/csrobotique/lancer final/install/groupe1_pkg/lib/python3.10/site-packages/groupe1_pkg
[0.875s] copying /home/csrobotique/lancer final/build/groupe1_pkg/build/lib/groupe1_pkg/control_angle.py -> /home/csrobotique/lancer final/install/groupe1_pkg/lib/python3.10/site-packages/groupe1_pkg
[0.875s] byte-compiling /home/csrobotique/lancer final/install/groupe1_pkg/lib/python3.10/site-packages/groupe1_pkg/__init__.py to __init__.cpython-310.pyc
[0.876s] byte-compiling /home/csrobotique/lancer final/install/groupe1_pkg/lib/python3.10/site-packages/groupe1_pkg/structure2.py to structure2.cpython-310.pyc
[0.880s] byte-compiling /home/csrobotique/lancer final/install/groupe1_pkg/lib/python3.10/site-packages/groupe1_pkg/test_orientation.py to test_orientation.cpython-310.pyc
[0.881s] byte-compiling /home/csrobotique/lancer final/install/groupe1_pkg/lib/python3.10/site-packages/groupe1_pkg/control_robot_demo.py to control_robot_demo.cpython-310.pyc
[0.882s] byte-compiling /home/csrobotique/lancer final/install/groupe1_pkg/lib/python3.10/site-packages/groupe1_pkg/lancement.py to lancement.cpython-310.pyc
[0.888s] byte-compiling /home/csrobotique/lancer final/install/groupe1_pkg/lib/python3.10/site-packages/groupe1_pkg/controleur2.py to controleur2.cpython-310.pyc
[0.890s] byte-compiling /home/csrobotique/lancer final/install/groupe1_pkg/lib/python3.10/site-packages/groupe1_pkg/test_pince.py to test_pince.cpython-310.pyc
[0.891s] byte-compiling /home/csrobotique/lancer final/install/groupe1_pkg/lib/python3.10/site-packages/groupe1_pkg/camera.py to camera.cpython-310.pyc
[0.894s] byte-compiling /home/csrobotique/lancer final/install/groupe1_pkg/lib/python3.10/site-packages/groupe1_pkg/enregistrement.py to enregistrement.cpython-310.pyc
[0.894s] byte-compiling /home/csrobotique/lancer final/install/groupe1_pkg/lib/python3.10/site-packages/groupe1_pkg/controleur.py to controleur.cpython-310.pyc
[0.897s] byte-compiling /home/csrobotique/lancer final/install/groupe1_pkg/lib/python3.10/site-packages/groupe1_pkg/zed2_custom_code.py to zed2_custom_code.cpython-310.pyc
[0.901s] byte-compiling /home/csrobotique/lancer final/install/groupe1_pkg/lib/python3.10/site-packages/groupe1_pkg/structure.py to structure.cpython-310.pyc
[0.904s] byte-compiling /home/csrobotique/lancer final/install/groupe1_pkg/lib/python3.10/site-packages/groupe1_pkg/trajectoire2.py to trajectoire2.cpython-310.pyc
[0.906s] byte-compiling /home/csrobotique/lancer final/install/groupe1_pkg/lib/python3.10/site-packages/groupe1_pkg/camera_demo.py to camera_demo.cpython-310.pyc
[0.909s] byte-compiling /home/csrobotique/lancer final/install/groupe1_pkg/lib/python3.10/site-packages/groupe1_pkg/vision.py to vision.cpython-310.pyc
[0.910s] byte-compiling /home/csrobotique/lancer final/install/groupe1_pkg/lib/python3.10/site-packages/groupe1_pkg/test.py to test.cpython-310.pyc
[0.913s] byte-compiling /home/csrobotique/lancer final/install/groupe1_pkg/lib/python3.10/site-packages/groupe1_pkg/controlleur.py to controlleur.cpython-310.pyc
[0.915s] byte-compiling /home/csrobotique/lancer final/install/groupe1_pkg/lib/python3.10/site-packages/groupe1_pkg/vision_cal.py to vision_cal.cpython-310.pyc
[0.918s] byte-compiling /home/csrobotique/lancer final/install/groupe1_pkg/lib/python3.10/site-packages/groupe1_pkg/sauvegarde.py to sauvegarde.cpython-310.pyc
[0.919s] byte-compiling /home/csrobotique/lancer final/install/groupe1_pkg/lib/python3.10/site-packages/groupe1_pkg/essai1.py to essai1.cpython-310.pyc
[0.921s] byte-compiling /home/csrobotique/lancer final/install/groupe1_pkg/lib/python3.10/site-packages/groupe1_pkg/trajectoire.py to trajectoire.cpython-310.pyc
[0.923s] byte-compiling /home/csrobotique/lancer final/install/groupe1_pkg/lib/python3.10/site-packages/groupe1_pkg/controleur1.py to controleur1.cpython-310.pyc
[0.926s] byte-compiling /home/csrobotique/lancer final/install/groupe1_pkg/lib/python3.10/site-packages/groupe1_pkg/control_robot.py to control_robot.cpython-310.pyc
[0.927s] byte-compiling /home/csrobotique/lancer final/install/groupe1_pkg/lib/python3.10/site-packages/groupe1_pkg/essai2.py to essai2.cpython-310.pyc
[0.933s] byte-compiling /home/csrobotique/lancer final/install/groupe1_pkg/lib/python3.10/site-packages/groupe1_pkg/control_angle.py to control_angle.cpython-310.pyc
[0.936s] running install_data
[0.936s] creating /home/csrobotique/lancer final/install/groupe1_pkg/share/ament_index
[0.937s] creating /home/csrobotique/lancer final/install/groupe1_pkg/share/ament_index/resource_index
[0.937s] creating /home/csrobotique/lancer final/install/groupe1_pkg/share/ament_index/resource_index/packages
[0.937s] copying resource/groupe1_pkg -> /home/csrobotique/lancer final/install/groupe1_pkg/share/ament_index/resource_index/packages
[0.937s] copying package.xml -> /home/csrobotique/lancer final/install/groupe1_pkg/share/groupe1_pkg
[0.937s] running install_egg_info
[0.939s] Copying ../build/groupe1_pkg/groupe1_pkg.egg-info to /home/csrobotique/lancer final/install/groupe1_pkg/lib/python3.10/site-packages/groupe1_pkg-0.0.0-py3.10.egg-info
[0.940s] running install_scripts
[0.959s] Installing camera script to /home/csrobotique/lancer final/install/groupe1_pkg/lib/groupe1_pkg
[0.960s] Installing control_angle script to /home/csrobotique/lancer final/install/groupe1_pkg/lib/groupe1_pkg
[0.960s] Installing control_robot script to /home/csrobotique/lancer final/install/groupe1_pkg/lib/groupe1_pkg
[0.961s] Installing controleur script to /home/csrobotique/lancer final/install/groupe1_pkg/lib/groupe1_pkg
[0.961s] Installing controleur1 script to /home/csrobotique/lancer final/install/groupe1_pkg/lib/groupe1_pkg
[0.961s] Installing controleur2 script to /home/csrobotique/lancer final/install/groupe1_pkg/lib/groupe1_pkg
[0.961s] Installing controlleur script to /home/csrobotique/lancer final/install/groupe1_pkg/lib/groupe1_pkg
[0.961s] Installing demo_cam script to /home/csrobotique/lancer final/install/groupe1_pkg/lib/groupe1_pkg
[0.962s] Installing demo_control script to /home/csrobotique/lancer final/install/groupe1_pkg/lib/groupe1_pkg
[0.962s] Installing enregistrement script to /home/csrobotique/lancer final/install/groupe1_pkg/lib/groupe1_pkg
[0.962s] Installing essai1 script to /home/csrobotique/lancer final/install/groupe1_pkg/lib/groupe1_pkg
[0.962s] Installing essai2 script to /home/csrobotique/lancer final/install/groupe1_pkg/lib/groupe1_pkg
[0.962s] Installing lancement = groupe1_pkg.lancement:maingobelet script to /home/csrobotique/lancer final/install/groupe1_pkg/lib/groupe1_pkg
[0.962s] Installing sauvegarde script to /home/csrobotique/lancer final/install/groupe1_pkg/lib/groupe1_pkg
[0.963s] Installing structure script to /home/csrobotique/lancer final/install/groupe1_pkg/lib/groupe1_pkg
[0.963s] Installing structure_delai script to /home/csrobotique/lancer final/install/groupe1_pkg/lib/groupe1_pkg
[0.963s] Installing test_orientation script to /home/csrobotique/lancer final/install/groupe1_pkg/lib/groupe1_pkg
[0.963s] Installing test_pince script to /home/csrobotique/lancer final/install/groupe1_pkg/lib/groupe1_pkg
[0.963s] Installing trajectoire script to /home/csrobotique/lancer final/install/groupe1_pkg/lib/groupe1_pkg
[0.963s] Installing trajectoire2 script to /home/csrobotique/lancer final/install/groupe1_pkg/lib/groupe1_pkg
[0.963s] Installing vision script to /home/csrobotique/lancer final/install/groupe1_pkg/lib/groupe1_pkg
[0.963s] Installing vision_cal script to /home/csrobotique/lancer final/install/groupe1_pkg/lib/groupe1_pkg
[0.964s] writing list of installed files to '/home/csrobotique/lancer final/build/groupe1_pkg/install.log'
[0.986s] Invoked command in '/home/csrobotique/lancer final/groupe1_pkg' returned '0': PYTHONPATH=/home/csrobotique/lancer final/install/groupe1_pkg/lib/python3.10/site-packages:${PYTHONPATH} /usr/bin/python3 setup.py egg_info --egg-base ../build/groupe1_pkg build --build-base /home/csrobotique/lancer final/build/groupe1_pkg/build install --prefix /home/csrobotique/lancer final/install/groupe1_pkg --record /home/csrobotique/lancer final/build/groupe1_pkg/install.log --single-version-externally-managed
