[0.854s] Invoking command in '/home/csrobotique/lancer final/groupe1_pkg': PYTHONPATH=/home/csrobotique/lancer final/install/groupe1_pkg/lib/python3.10/site-packages:${PYTHONPATH} /usr/bin/python3 setup.py egg_info --egg-base ../build/groupe1_pkg build --build-base /home/csrobotique/lancer final/build/groupe1_pkg/build install --prefix /home/csrobotique/lancer final/install/groupe1_pkg --record /home/csrobotique/lancer final/build/groupe1_pkg/install.log --single-version-externally-managed
[1.131s] /usr/lib/python3/dist-packages/setuptools/dist.py:723: UserWarning: Usage of dash-separated 'script-dir' will not be supported in future versions. Please use the underscore name 'script_dir' instead
[1.131s]   warnings.warn(
[1.132s] /usr/lib/python3/dist-packages/setuptools/dist.py:723: UserWarning: Usage of dash-separated 'install-scripts' will not be supported in future versions. Please use the underscore name 'install_scripts' instead
[1.132s]   warnings.warn(
[1.144s] running egg_info
[1.145s] writing ../build/groupe1_pkg/groupe1_pkg.egg-info/PKG-INFO
[1.145s] writing dependency_links to ../build/groupe1_pkg/groupe1_pkg.egg-info/dependency_links.txt
[1.146s] writing entry points to ../build/groupe1_pkg/groupe1_pkg.egg-info/entry_points.txt
[1.146s] writing requirements to ../build/groupe1_pkg/groupe1_pkg.egg-info/requires.txt
[1.146s] writing top-level names to ../build/groupe1_pkg/groupe1_pkg.egg-info/top_level.txt
[1.148s] reading manifest file '../build/groupe1_pkg/groupe1_pkg.egg-info/SOURCES.txt'
[1.150s] writing manifest file '../build/groupe1_pkg/groupe1_pkg.egg-info/SOURCES.txt'
[1.150s] running build
[1.150s] running build_py
[1.151s] copying groupe1_pkg/lancement.py -> /home/csrobotique/lancer final/build/groupe1_pkg/build/lib/groupe1_pkg
[1.151s] copying groupe1_pkg/zed2_custom_code.py -> /home/csrobotique/lancer final/build/groupe1_pkg/build/lib/groupe1_pkg
[1.152s] running install
[1.152s] /usr/lib/python3/dist-packages/setuptools/command/install.py:34: SetuptoolsDeprecationWarning: setup.py install is deprecated. Use build and pip and other standards-based tools.
[1.153s]   warnings.warn(
[1.153s] running install_lib
[1.154s] copying /home/csrobotique/lancer final/build/groupe1_pkg/build/lib/groupe1_pkg/lancement.py -> /home/csrobotique/lancer final/install/groupe1_pkg/lib/python3.10/site-packages/groupe1_pkg
[1.154s] copying /home/csrobotique/lancer final/build/groupe1_pkg/build/lib/groupe1_pkg/zed2_custom_code.py -> /home/csrobotique/lancer final/install/groupe1_pkg/lib/python3.10/site-packages/groupe1_pkg
[1.156s] byte-compiling /home/csrobotique/lancer final/install/groupe1_pkg/lib/python3.10/site-packages/groupe1_pkg/lancement.py to lancement.cpython-310.pyc
[1.163s] byte-compiling /home/csrobotique/lancer final/install/groupe1_pkg/lib/python3.10/site-packages/groupe1_pkg/zed2_custom_code.py to zed2_custom_code.cpython-310.pyc
[1.169s] running install_data
[1.170s] running install_egg_info
[1.171s] removing '/home/csrobotique/lancer final/install/groupe1_pkg/lib/python3.10/site-packages/groupe1_pkg-0.0.0-py3.10.egg-info' (and everything under it)
[1.172s] Copying ../build/groupe1_pkg/groupe1_pkg.egg-info to /home/csrobotique/lancer final/install/groupe1_pkg/lib/python3.10/site-packages/groupe1_pkg-0.0.0-py3.10.egg-info
[1.173s] running install_scripts
[1.196s] Installing camera script to /home/csrobotique/lancer final/install/groupe1_pkg/lib/groupe1_pkg
[1.196s] Installing control_angle script to /home/csrobotique/lancer final/install/groupe1_pkg/lib/groupe1_pkg
[1.196s] Installing control_robot script to /home/csrobotique/lancer final/install/groupe1_pkg/lib/groupe1_pkg
[1.196s] Installing controleur script to /home/csrobotique/lancer final/install/groupe1_pkg/lib/groupe1_pkg
[1.197s] Installing controleur1 script to /home/csrobotique/lancer final/install/groupe1_pkg/lib/groupe1_pkg
[1.197s] Installing controleur2 script to /home/csrobotique/lancer final/install/groupe1_pkg/lib/groupe1_pkg
[1.197s] Installing controlleur script to /home/csrobotique/lancer final/install/groupe1_pkg/lib/groupe1_pkg
[1.197s] Installing demo_cam script to /home/csrobotique/lancer final/install/groupe1_pkg/lib/groupe1_pkg
[1.197s] Installing demo_control script to /home/csrobotique/lancer final/install/groupe1_pkg/lib/groupe1_pkg
[1.198s] Installing enregistrement script to /home/csrobotique/lancer final/install/groupe1_pkg/lib/groupe1_pkg
[1.198s] Installing essai1 script to /home/csrobotique/lancer final/install/groupe1_pkg/lib/groupe1_pkg
[1.198s] Installing essai2 script to /home/csrobotique/lancer final/install/groupe1_pkg/lib/groupe1_pkg
[1.198s] Installing gobelet script to /home/csrobotique/lancer final/install/groupe1_pkg/lib/groupe1_pkg
[1.199s] Installing lancement script to /home/csrobotique/lancer final/install/groupe1_pkg/lib/groupe1_pkg
[1.199s] Installing sauvegarde script to /home/csrobotique/lancer final/install/groupe1_pkg/lib/groupe1_pkg
[1.199s] Installing structure script to /home/csrobotique/lancer final/install/groupe1_pkg/lib/groupe1_pkg
[1.199s] Installing structure_delai script to /home/csrobotique/lancer final/install/groupe1_pkg/lib/groupe1_pkg
[1.199s] Installing test_orientation script to /home/csrobotique/lancer final/install/groupe1_pkg/lib/groupe1_pkg
[1.200s] Installing test_pince script to /home/csrobotique/lancer final/install/groupe1_pkg/lib/groupe1_pkg
[1.200s] Installing trajectoire script to /home/csrobotique/lancer final/install/groupe1_pkg/lib/groupe1_pkg
[1.200s] Installing trajectoire2 script to /home/csrobotique/lancer final/install/groupe1_pkg/lib/groupe1_pkg
[1.200s] Installing vision script to /home/csrobotique/lancer final/install/groupe1_pkg/lib/groupe1_pkg
[1.200s] Installing vision_cal script to /home/csrobotique/lancer final/install/groupe1_pkg/lib/groupe1_pkg
[1.202s] writing list of installed files to '/home/csrobotique/lancer final/build/groupe1_pkg/install.log'
[1.226s] Invoked command in '/home/csrobotique/lancer final/groupe1_pkg' returned '0': PYTHONPATH=/home/csrobotique/lancer final/install/groupe1_pkg/lib/python3.10/site-packages:${PYTHONPATH} /usr/bin/python3 setup.py egg_info --egg-base ../build/groupe1_pkg build --build-base /home/csrobotique/lancer final/build/groupe1_pkg/build install --prefix /home/csrobotique/lancer final/install/groupe1_pkg --record /home/csrobotique/lancer final/build/groupe1_pkg/install.log --single-version-externally-managed
